[0.482s] Invoking command in '/home/mohsenium/Torpedo/spawn_turtle_game/build/turtle_game_controller': PYTHONPATH=/home/mohsenium/Torpedo/spawn_turtle_game/build/turtle_game_controller/prefix_override:/usr/lib/python3/dist-packages/colcon_core/task/python/colcon_distutils_commands:/home/mohsenium/Torpedo/spawn_turtle_game/install/turtle_game_controller/lib/python3.10/site-packages:${PYTHONPATH} /usr/bin/python3 -W ignore:setup.py install is deprecated setup.py develop --editable --build-directory /home/mohsenium/Torpedo/spawn_turtle_game/build/turtle_game_controller/build --no-deps symlink_data --force
[0.695s] running develop
[0.696s] /usr/lib/python3/dist-packages/setuptools/command/easy_install.py:158: EasyInstallDeprecationWarning: easy_install command is deprecated. Use build and pip and other standards-based tools.
[0.696s]   warnings.warn(
[0.821s] running egg_info
[0.821s] writing turtle_game_controller.egg-info/PKG-INFO
[0.821s] writing dependency_links to turtle_game_controller.egg-info/dependency_links.txt
[0.821s] writing entry points to turtle_game_controller.egg-info/entry_points.txt
[0.821s] writing requirements to turtle_game_controller.egg-info/requires.txt
[0.821s] writing top-level names to turtle_game_controller.egg-info/top_level.txt
[0.823s] reading manifest file 'turtle_game_controller.egg-info/SOURCES.txt'
[0.823s] writing manifest file 'turtle_game_controller.egg-info/SOURCES.txt'
[0.824s] running build_ext
[0.824s] Creating /home/mohsenium/Torpedo/spawn_turtle_game/install/turtle_game_controller/lib/python3.10/site-packages/turtle-game-controller.egg-link (link to .)
[0.825s] Installing turtle_spawner_node script to /home/mohsenium/Torpedo/spawn_turtle_game/install/turtle_game_controller/lib/turtle_game_controller
[0.825s] 
[0.825s] Installed /home/mohsenium/Torpedo/spawn_turtle_game/build/turtle_game_controller
[0.826s] running symlink_data
[0.826s] symbolically linking /home/mohsenium/Torpedo/spawn_turtle_game/build/turtle_game_controller/resource/turtle_game_controller -> /home/mohsenium/Torpedo/spawn_turtle_game/install/turtle_game_controller/share/ament_index/resource_index/packages
[0.826s] symbolically linking /home/mohsenium/Torpedo/spawn_turtle_game/build/turtle_game_controller/package.xml -> /home/mohsenium/Torpedo/spawn_turtle_game/install/turtle_game_controller/share/turtle_game_controller
[0.848s] Invoked command in '/home/mohsenium/Torpedo/spawn_turtle_game/build/turtle_game_controller' returned '0': PYTHONPATH=/home/mohsenium/Torpedo/spawn_turtle_game/build/turtle_game_controller/prefix_override:/usr/lib/python3/dist-packages/colcon_core/task/python/colcon_distutils_commands:/home/mohsenium/Torpedo/spawn_turtle_game/install/turtle_game_controller/lib/python3.10/site-packages:${PYTHONPATH} /usr/bin/python3 -W ignore:setup.py install is deprecated setup.py develop --editable --build-directory /home/mohsenium/Torpedo/spawn_turtle_game/build/turtle_game_controller/build --no-deps symlink_data --force
