[0.141s] DEBUG:colcon:Command line arguments: ['/usr/bin/colcon', 'list', '-p', '--base-paths', '/home/mohsenium/Torpedo/spawn_turtle_game']
[0.141s] DEBUG:colcon:Parsed command line arguments: Namespace(log_base=None, log_level=None, verb_name='list', build_base='build', ignore_user_meta=False, metas=['./colcon.meta'], base_paths=['/home/mohsenium/Torpedo/spawn_turtle_game'], packages_ignore=None, packages_ignore_regex=None, paths=None, packages_up_to=None, packages_up_to_regex=None, packages_above=None, packages_above_and_dependencies=None, packages_above_depth=None, packages_select_by_dep=None, packages_skip_by_dep=None, packages_skip_up_to=None, packages_select_build_failed=False, packages_skip_build_finished=False, packages_select_test_failures=False, packages_skip_test_passed=False, packages_select=None, packages_skip=None, packages_select_regex=None, packages_skip_regex=None, packages_start=None, packages_end=None, allow_overriding=[], topological_order=False, names_only=False, paths_only=True, topological_graph=False, topological_graph_dot=False, topological_graph_density=False, topological_graph_legend=False, topological_graph_dot_cluster=False, topological_graph_dot_include_skipped=False, verb_parser=<colcon_defaults.argument_parser.defaults.DefaultArgumentsDecorator object at 0x797b90540c40>, verb_extension=<colcon_package_information.verb.list.ListVerb object at 0x797b9063cfa0>, main=<bound method ListVerb.main of <colcon_package_information.verb.list.ListVerb object at 0x797b9063cfa0>>)
[0.390s] Level 1:colcon.colcon_core.package_discovery:discover_packages(colcon_meta) check parameters
[0.390s] Level 1:colcon.colcon_core.package_discovery:discover_packages(recursive) check parameters
[0.390s] Level 1:colcon.colcon_core.package_discovery:discover_packages(ignore) check parameters
[0.390s] Level 1:colcon.colcon_core.package_discovery:discover_packages(path) check parameters
[0.390s] Level 1:colcon.colcon_core.package_discovery:discover_packages(recursive) discover
[0.390s] INFO:colcon.colcon_core.package_discovery:Crawling recursively for packages in '/home/mohsenium/Torpedo/spawn_turtle_game'
[0.390s] Level 1:colcon.colcon_core.package_identification:_identify(/home/mohsenium/Torpedo/spawn_turtle_game) by extensions ['ignore', 'ignore_ament_install']
[0.390s] Level 1:colcon.colcon_core.package_identification:_identify(/home/mohsenium/Torpedo/spawn_turtle_game) by extension 'ignore'
[0.390s] Level 1:colcon.colcon_core.package_identification:_identify(/home/mohsenium/Torpedo/spawn_turtle_game) by extension 'ignore_ament_install'
[0.391s] Level 1:colcon.colcon_core.package_identification:_identify(/home/mohsenium/Torpedo/spawn_turtle_game) by extensions ['colcon_pkg']
[0.391s] Level 1:colcon.colcon_core.package_identification:_identify(/home/mohsenium/Torpedo/spawn_turtle_game) by extension 'colcon_pkg'
[0.391s] Level 1:colcon.colcon_core.package_identification:_identify(/home/mohsenium/Torpedo/spawn_turtle_game) by extensions ['colcon_meta']
[0.391s] Level 1:colcon.colcon_core.package_identification:_identify(/home/mohsenium/Torpedo/spawn_turtle_game) by extension 'colcon_meta'
[0.391s] Level 1:colcon.colcon_core.package_identification:_identify(/home/mohsenium/Torpedo/spawn_turtle_game) by extensions ['ros']
[0.391s] Level 1:colcon.colcon_core.package_identification:_identify(/home/mohsenium/Torpedo/spawn_turtle_game) by extension 'ros'
[0.408s] Level 1:colcon.colcon_core.package_identification:_identify(/home/mohsenium/Torpedo/spawn_turtle_game) by extensions ['cmake', 'python']
[0.408s] Level 1:colcon.colcon_core.package_identification:_identify(/home/mohsenium/Torpedo/spawn_turtle_game) by extension 'cmake'
[0.408s] Level 1:colcon.colcon_core.package_identification:_identify(/home/mohsenium/Torpedo/spawn_turtle_game) by extension 'python'
[0.408s] Level 1:colcon.colcon_core.package_identification:_identify(/home/mohsenium/Torpedo/spawn_turtle_game) by extensions ['python_setup_py']
[0.409s] Level 1:colcon.colcon_core.package_identification:_identify(/home/mohsenium/Torpedo/spawn_turtle_game) by extension 'python_setup_py'
[0.409s] Level 1:colcon.colcon_core.package_identification:_identify(/home/mohsenium/Torpedo/spawn_turtle_game/build) by extensions ['ignore', 'ignore_ament_install']
[0.409s] Level 1:colcon.colcon_core.package_identification:_identify(/home/mohsenium/Torpedo/spawn_turtle_game/build) by extension 'ignore'
[0.409s] Level 1:colcon.colcon_core.package_identification:_identify(/home/mohsenium/Torpedo/spawn_turtle_game/build) ignored
[0.409s] Level 1:colcon.colcon_core.package_identification:_identify(/home/mohsenium/Torpedo/spawn_turtle_game/install) by extensions ['ignore', 'ignore_ament_install']
[0.410s] Level 1:colcon.colcon_core.package_identification:_identify(/home/mohsenium/Torpedo/spawn_turtle_game/install) by extension 'ignore'
[0.410s] Level 1:colcon.colcon_core.package_identification:_identify(/home/mohsenium/Torpedo/spawn_turtle_game/install) ignored
[0.410s] Level 1:colcon.colcon_core.package_identification:_identify(/home/mohsenium/Torpedo/spawn_turtle_game/log) by extensions ['ignore', 'ignore_ament_install']
[0.410s] Level 1:colcon.colcon_core.package_identification:_identify(/home/mohsenium/Torpedo/spawn_turtle_game/log) by extension 'ignore'
[0.410s] Level 1:colcon.colcon_core.package_identification:_identify(/home/mohsenium/Torpedo/spawn_turtle_game/log) ignored
[0.410s] Level 1:colcon.colcon_core.package_identification:_identify(/home/mohsenium/Torpedo/spawn_turtle_game/src) by extensions ['ignore', 'ignore_ament_install']
[0.411s] Level 1:colcon.colcon_core.package_identification:_identify(/home/mohsenium/Torpedo/spawn_turtle_game/src) by extension 'ignore'
[0.411s] Level 1:colcon.colcon_core.package_identification:_identify(/home/mohsenium/Torpedo/spawn_turtle_game/src) by extension 'ignore_ament_install'
[0.411s] Level 1:colcon.colcon_core.package_identification:_identify(/home/mohsenium/Torpedo/spawn_turtle_game/src) by extensions ['colcon_pkg']
[0.411s] Level 1:colcon.colcon_core.package_identification:_identify(/home/mohsenium/Torpedo/spawn_turtle_game/src) by extension 'colcon_pkg'
[0.411s] Level 1:colcon.colcon_core.package_identification:_identify(/home/mohsenium/Torpedo/spawn_turtle_game/src) by extensions ['colcon_meta']
[0.411s] Level 1:colcon.colcon_core.package_identification:_identify(/home/mohsenium/Torpedo/spawn_turtle_game/src) by extension 'colcon_meta'
[0.411s] Level 1:colcon.colcon_core.package_identification:_identify(/home/mohsenium/Torpedo/spawn_turtle_game/src) by extensions ['ros']
[0.411s] Level 1:colcon.colcon_core.package_identification:_identify(/home/mohsenium/Torpedo/spawn_turtle_game/src) by extension 'ros'
[0.411s] Level 1:colcon.colcon_core.package_identification:_identify(/home/mohsenium/Torpedo/spawn_turtle_game/src) by extensions ['cmake', 'python']
[0.411s] Level 1:colcon.colcon_core.package_identification:_identify(/home/mohsenium/Torpedo/spawn_turtle_game/src) by extension 'cmake'
[0.411s] Level 1:colcon.colcon_core.package_identification:_identify(/home/mohsenium/Torpedo/spawn_turtle_game/src) by extension 'python'
[0.411s] Level 1:colcon.colcon_core.package_identification:_identify(/home/mohsenium/Torpedo/spawn_turtle_game/src) by extensions ['python_setup_py']
[0.412s] Level 1:colcon.colcon_core.package_identification:_identify(/home/mohsenium/Torpedo/spawn_turtle_game/src) by extension 'python_setup_py'
[0.412s] Level 1:colcon.colcon_core.package_identification:_identify(/home/mohsenium/Torpedo/spawn_turtle_game/src/turtle_game_controller) by extensions ['ignore', 'ignore_ament_install']
[0.412s] Level 1:colcon.colcon_core.package_identification:_identify(/home/mohsenium/Torpedo/spawn_turtle_game/src/turtle_game_controller) by extension 'ignore'
[0.412s] Level 1:colcon.colcon_core.package_identification:_identify(/home/mohsenium/Torpedo/spawn_turtle_game/src/turtle_game_controller) by extension 'ignore_ament_install'
[0.412s] Level 1:colcon.colcon_core.package_identification:_identify(/home/mohsenium/Torpedo/spawn_turtle_game/src/turtle_game_controller) by extensions ['colcon_pkg']
[0.412s] Level 1:colcon.colcon_core.package_identification:_identify(/home/mohsenium/Torpedo/spawn_turtle_game/src/turtle_game_controller) by extension 'colcon_pkg'
[0.412s] Level 1:colcon.colcon_core.package_identification:_identify(/home/mohsenium/Torpedo/spawn_turtle_game/src/turtle_game_controller) by extensions ['colcon_meta']
[0.412s] Level 1:colcon.colcon_core.package_identification:_identify(/home/mohsenium/Torpedo/spawn_turtle_game/src/turtle_game_controller) by extension 'colcon_meta'
[0.412s] Level 1:colcon.colcon_core.package_identification:_identify(/home/mohsenium/Torpedo/spawn_turtle_game/src/turtle_game_controller) by extensions ['ros']
[0.412s] Level 1:colcon.colcon_core.package_identification:_identify(/home/mohsenium/Torpedo/spawn_turtle_game/src/turtle_game_controller) by extension 'ros'
[0.417s] DEBUG:colcon.colcon_core.package_identification:Package '/home/mohsenium/Torpedo/spawn_turtle_game/src/turtle_game_controller' with type 'ros.ament_python' and name 'turtle_game_controller'
[0.417s] Level 1:colcon.colcon_core.package_discovery:discover_packages(recursive) using defaults
